{"content": {"suites": {"0": {"status": {"total_pass": 8, "total_skip": 0, "total_xpass": 0, "total_xfail": 0, "total_rerun": 0, "total_fail": 5, "total_error": 0}, "tests": {"0": {"status": "FAIL", "message": "   selenium.common.exceptions.TimeoutException: Message: \n   Stacktrace:\n   \tGetHandleVerifier [0x00007FF733B52142+3514994]\n   \t(No symbol) [0x00007FF733770CE2]\n   \t(No symbol) [0x00007FF7336176AA]\n   \t(No symbol) [0x00007FF733661860]\n   \t(No symbol) [0x00007FF73366197C]\n   \t(No symbol) [0x00007FF7336A4EE7]\n   \t(No symbol) [0x00007FF73368602F]\n   \t(No symbol) [0x00007FF7336A28F6]\n   \t(No symbol) [0x00007FF733685D93]\n   \t(No symbol) [0x00007FF733654BDC]\n   \t(No symbol) [0x00007FF733655C64]\n   \tGetHandleVerifier [0x00007FF733B7E16B+3695259]\n   \tGetHandleVerifier [0x00007FF733BD6737+4057191]\n   \tGetHandleVerifier [0x00007FF733BCE4E3+4023827]\n   \tGetHandleVerifier [0x00007FF7338A04F9+689705]\n   \t(No symbol) [0x00007FF73377C048]\n   \t(No symbol) [0x00007FF733778044]\n   \t(No symbol) [0x00007FF7337781C9]\n   \t(No symbol) [0x00007FF7337688C4]\n   \tBaseThreadInitThunk [0x00007FFB17F2257D+29]\n   \tRtlUserThreadStart [0x00007FFB189CAA58+40]\n", "test_name": "test_a_login", "rerun": "0"}, "1": {"status": "PASS", "message": "", "test_name": "test_b_home", "rerun": "0"}, "2": {"status": "FAIL", "message": "   selenium.common.exceptions.StaleElementReferenceException: Message: stale element reference: stale element not found\n     (Session info: chrome=120.0.6099.111); For documentation on this error, please visit: https://www.selenium.dev/documentation/webdriver/troubleshooting/errors#stale-element-reference-exception\n   Stacktrace:\n   \tGetHandleVerifier [0x00007FF733B52142+3514994]\n   \t(No symbol) [0x00007FF733770CE2]\n   \t(No symbol) [0x00007FF7336176AA]\n   \t(No symbol) [0x00007FF73361CFC0]\n   \t(No symbol) [0x00007FF73361F38F]\n   \t(No symbol) [0x00007FF73361F480]\n   \t(No symbol) [0x00007FF73365BB0E]\n   \t(No symbol) [0x00007FF733685FEA]\n   \t(No symbol) [0x00007FF7336563B6]\n   \t(No symbol) [0x00007FF733686490]\n   \t(No symbol) [0x00007FF7336A28F6]\n   \t(No symbol) [0x00007FF733685D93]\n   \t(No symbol) [0x00007FF733654BDC]\n   \t(No symbol) [0x00007FF733655C64]\n   \tGetHandleVerifier [0x00007FF733B7E16B+3695259]\n   \tGetHandleVerifier [0x00007FF733BD6737+4057191]\n   \tGetHandleVerifier [0x00007FF733BCE4E3+4023827]\n   \tGetHandleVerifier [0x00007FF7338A04F9+689705]\n   \t(No symbol) [0x00007FF73377C048]\n   \t(No symbol) [0x00007FF733778044]\n   \t(No symbol) [0x00007FF7337781C9]\n   \t(No symbol) [0x00007FF7337688C4]\n   \tBaseThreadInitThunk [0x00007FFB17F2257D+29]\n   \tRtlUserThreadStart [0x00007FFB189CAA58+40]\n", "test_name": "test_c_forms", "rerun": "0"}, "3": {"status": "PASS", "message": "", "test_name": "test_d_checklistreport", "rerun": "0"}, "4": {"status": "PASS", "message": "", "test_name": "test_e_formfilledreports", "rerun": "0"}, "5": {"status": "PASS", "message": "", "test_name": "test_f_defaultreport", "rerun": "0"}, "6": {"status": "PASS", "message": "", "test_name": "test_g_agingreport", "rerun": "0"}, "7": {"status": "FAIL", "message": "   selenium.common.exceptions.TimeoutException: Message: \n   Stacktrace:\n   \tGetHandleVerifier [0x00007FF733B52142+3514994]\n   \t(No symbol) [0x00007FF733770CE2]\n   \t(No symbol) [0x00007FF7336176AA]\n   \t(No symbol) [0x00007FF733661860]\n   \t(No symbol) [0x00007FF73366197C]\n   \t(No symbol) [0x00007FF7336A4EE7]\n   \t(No symbol) [0x00007FF73368602F]\n   \t(No symbol) [0x00007FF7336A28F6]\n   \t(No symbol) [0x00007FF733685D93]\n   \t(No symbol) [0x00007FF733654BDC]\n   \t(No symbol) [0x00007FF733655C64]\n   \tGetHandleVerifier [0x00007FF733B7E16B+3695259]\n   \tGetHandleVerifier [0x00007FF733BD6737+4057191]\n   \tGetHandleVerifier [0x00007FF733BCE4E3+4023827]\n   \tGetHandleVerifier [0x00007FF7338A04F9+689705]\n   \t(No symbol) [0x00007FF73377C048]\n   \t(No symbol) [0x00007FF733778044]\n   \t(No symbol) [0x00007FF7337781C9]\n   \t(No symbol) [0x00007FF7337688C4]\n   \tBaseThreadInitThunk [0x00007FFB17F2257D+29]\n   \tRtlUserThreadStart [0x00007FFB189CAA58+40]\n", "test_name": "test_h_assign", "rerun": "0"}, "8": {"status": "FAIL", "message": "   selenium.common.exceptions.TimeoutException: Message: \n   Stacktrace:\n   \tGetHandleVerifier [0x00007FF733B52142+3514994]\n   \t(No symbol) [0x00007FF733770CE2]\n   \t(No symbol) [0x00007FF7336176AA]\n   \t(No symbol) [0x00007FF733661860]\n   \t(No symbol) [0x00007FF73366197C]\n   \t(No symbol) [0x00007FF7336A4EE7]\n   \t(No symbol) [0x00007FF73368602F]\n   \t(No symbol) [0x00007FF7336A28F6]\n   \t(No symbol) [0x00007FF733685D93]\n   \t(No symbol) [0x00007FF733654BDC]\n   \t(No symbol) [0x00007FF733655C64]\n   \tGetHandleVerifier [0x00007FF733B7E16B+3695259]\n   \tGetHandleVerifier [0x00007FF733BD6737+4057191]\n   \tGetHandleVerifier [0x00007FF733BCE4E3+4023827]\n   \tGetHandleVerifier [0x00007FF7338A04F9+689705]\n   \t(No symbol) [0x00007FF73377C048]\n   \t(No symbol) [0x00007FF733778044]\n   \t(No symbol) [0x00007FF7337781C9]\n   \t(No symbol) [0x00007FF7337688C4]\n   \tBaseThreadInitThunk [0x00007FFB17F2257D+29]\n   \tRtlUserThreadStart [0x00007FFB189CAA58+40]\n", "test_name": "test_i_actiontracker", "rerun": "0"}, "9": {"status": "FAIL", "message": "   selenium.common.exceptions.ElementClickInterceptedException: Message: element click intercepted: Element <button class=\"MuiButtonBase-root MuiButton-root MuiButton-text MuiButton-textPrimary MuiButton-sizeMedium MuiButton-textSizeMedium MuiButton-root MuiButton-text MuiButton-textPrimary MuiButton-sizeMedium MuiButton-textSizeMedium Grid_Button css-1ujsas3\" tabindex=\"0\" type=\"button\" varient=\"text\" id=\"Allocate_config_Edit-Button\">...</button> is not clickable at point (1391, 117). Other element would receive the click: <div class=\"MuiDialog-container MuiDialog-scrollPaper css-ekeie0\" role=\"presentation\" tabindex=\"-1\" style=\"opacity: 1; transition: opacity 225ms cubic-bezier(0.4, 0, 0.2, 1) 0ms;\">...</div>\n     (Session info: chrome=120.0.6099.111)\n   Stacktrace:\n   \tGetHandleVerifier [0x00007FF733B52142+3514994]\n   \t(No symbol) [0x00007FF733770CE2]\n   \t(No symbol) [0x00007FF7336176AA]\n   \t(No symbol) [0x00007FF7336688F3]\n   \t(No symbol) [0x00007FF7336668ED]\n   \t(No symbol) [0x00007FF7336640EC]\n   \t(No symbol) [0x00007FF733662EA5]\n   \t(No symbol) [0x00007FF733656A0F]\n   \t(No symbol) [0x00007FF733685FEA]\n   \t(No symbol) [0x00007FF7336563B6]\n   \t(No symbol) [0x00007FF733686490]\n   \t(No symbol) [0x00007FF7336A28F6]\n   \t(No symbol) [0x00007FF733685D93]\n   \t(No symbol) [0x00007FF733654BDC]\n   \t(No symbol) [0x00007FF733655C64]\n   \tGetHandleVerifier [0x00007FF733B7E16B+3695259]\n   \tGetHandleVerifier [0x00007FF733BD6737+4057191]\n   \tGetHandleVerifier [0x00007FF733BCE4E3+4023827]\n   \tGetHandleVerifier [0x00007FF7338A04F9+689705]\n   \t(No symbol) [0x00007FF73377C048]\n   \t(No symbol) [0x00007FF733778044]\n   \t(No symbol) [0x00007FF7337781C9]\n   \t(No symbol) [0x00007FF7337688C4]\n   \tBaseThreadInitThunk [0x00007FFB17F2257D+29]\n   \tRtlUserThreadStart [0x00007FFB189CAA58+40]\n", "test_name": "test_j_establishrealation", "rerun": "0"}, "10": {"status": "PASS", "message": "", "test_name": "test_k_calendar", "rerun": "0"}, "11": {"status": "PASS", "message": "", "test_name": "test_l_actionstage", "rerun": "0"}, "12": {"status": "PASS", "message": "", "test_name": "test_o_compcode", "rerun": "0"}}, "suite_name": "test_end_to_end.py"}}}, "date": "December 26, 2023", "start_time": 1703586644.941042, "total_suite": 1, "status": "FAIL", "status_list": {"pass": "8", "fail": "5", "skip": "0", "error": "0", "xpass": "0", "xfail": "0", "rerun": "0"}, "total_tests": "13"}